{"tag": "function", "depth": 1, "time": 1576655566.9133635, "data": {"name": "get", "call_args": {"self": "<airtest_selenium.proxy.WebChrome (session=\"37dddd15a93136ec2bbef76beecf76f8\")>", "address": "https://member.163220.com/#/home"}, "start_time": 1576655562.2947927, "ret": null, "end_time": 1576655566.9133635}}
{"tag": "function", "depth": 2, "time": 1576655569.707036, "data": {"name": "_gen_screen_log", "call_args": {"self": "<airtest_selenium.proxy.WebChrome (session=\"37dddd15a93136ec2bbef76beecf76f8\")>", "element": {"_parent": "<airtest_selenium.proxy.WebChrome (session=\"37dddd15a93136ec2bbef76beecf76f8\")>", "_id": "0.2102154559382845-1", "_w3c": false, "__class__": "WebElement"}, "filename": null}, "start_time": 1576655569.2853153, "ret": {"screen": "1576655569.jpg", "pos": [[936.0, 454.0]]}, "end_time": 1576655569.707036}}
{"tag": "function", "depth": 1, "time": 1576655569.7132926, "data": {"name": "find_element_by_xpath", "call_args": {"self": "<airtest_selenium.proxy.WebChrome (session=\"37dddd15a93136ec2bbef76beecf76f8\")>", "xpath": "//div[contains(@class,'ykdengl')]"}, "start_time": 1576655569.2733493, "ret": {"_parent": "<airtest_selenium.proxy.WebChrome (session=\"37dddd15a93136ec2bbef76beecf76f8\")>", "_id": "0.2102154559382845-1", "_w3c": false, "res_log": {"screen": "1576655569.jpg", "pos": [[936.0, 454.0]]}, "__class__": "Element"}, "end_time": 1576655569.7132926}}
{"tag": "function", "depth": 1, "time": 1576655587.82883, "data": {"name": "find_element_by_xpath", "call_args": {"self": "<airtest_selenium.proxy.WebChrome (session=\"37dddd15a93136ec2bbef76beecf76f8\")>", "xpath": "//b[text()='\u540c\u610f']"}, "start_time": 1576655571.2657623, "traceback": "Traceback (most recent call last):\n  File \"d:\\python36\\lib\\site-packages\\airtest_selenium\\proxy.py\", line 53, in loop_find_element\n    element = func(text)\n  File \"d:\\python36\\lib\\site-packages\\selenium\\webdriver\\remote\\webdriver.py\", line 394, in find_element_by_xpath\n    return self.find_element(by=By.XPATH, value=xpath)\n  File \"d:\\python36\\lib\\site-packages\\selenium\\webdriver\\remote\\webdriver.py\", line 978, in find_element\n    'value': value})['value']\n  File \"d:\\python36\\lib\\site-packages\\selenium\\webdriver\\remote\\webdriver.py\", line 321, in execute\n    self.error_handler.check_response(response)\n  File \"d:\\python36\\lib\\site-packages\\selenium\\webdriver\\remote\\errorhandler.py\", line 242, in check_response\n    raise exception_class(message, screen, stacktrace)\nselenium.common.exceptions.NoSuchElementException: Message: no such element: Unable to locate element: {\"method\":\"xpath\",\"selector\":\"//b[text()='\u540c\u610f']\"}\n  (Session info: chrome=78.0.3904.108)\n  (Driver info: chromedriver=2.37.544315 (730aa6a5fdba159ac9f4c1e8cbc59bf1b5ce12b7),platform=Windows NT 10.0.18362 x86_64)\n\n\nDuring handling of the above exception, another exception occurred:\n\nTraceback (most recent call last):\n  File \"d:\\python36\\lib\\site-packages\\airtest\\utils\\logwraper.py\", line 78, in wrapper\n    res = f(*args, **kwargs)\n  File \"d:\\python36\\lib\\site-packages\\airtest_selenium\\proxy.py\", line 183, in find_element_by_xpath\n    web_element = self.loop_find_element(super(WebChrome, self).find_element_by_xpath, xpath)\n  File \"d:\\python36\\lib\\site-packages\\airtest_selenium\\proxy.py\", line 60, in loop_find_element\n    'Element %s not found in screen' % text)\nselenium.common.exceptions.NoSuchElementException: Message: Element //b[text()='\u540c\u610f'] not found in screen\n\n", "end_time": 1576655587.82883}}
{"tag": "info", "depth": 0, "time": 1576655587.8798234, "data": {"name": "Final Error", "traceback": "Traceback (most recent call last):\n  File \"d:\\python36\\lib\\site-packages\\airtest_selenium\\proxy.py\", line 53, in loop_find_element\n    element = func(text)\n  File \"d:\\python36\\lib\\site-packages\\selenium\\webdriver\\remote\\webdriver.py\", line 394, in find_element_by_xpath\n    return self.find_element(by=By.XPATH, value=xpath)\n  File \"d:\\python36\\lib\\site-packages\\selenium\\webdriver\\remote\\webdriver.py\", line 978, in find_element\n    'value': value})['value']\n  File \"d:\\python36\\lib\\site-packages\\selenium\\webdriver\\remote\\webdriver.py\", line 321, in execute\n    self.error_handler.check_response(response)\n  File \"d:\\python36\\lib\\site-packages\\selenium\\webdriver\\remote\\errorhandler.py\", line 242, in check_response\n    raise exception_class(message, screen, stacktrace)\nselenium.common.exceptions.NoSuchElementException: Message: no such element: Unable to locate element: {\"method\":\"xpath\",\"selector\":\"//b[text()='\u540c\u610f']\"}\n  (Session info: chrome=78.0.3904.108)\n  (Driver info: chromedriver=2.37.544315 (730aa6a5fdba159ac9f4c1e8cbc59bf1b5ce12b7),platform=Windows NT 10.0.18362 x86_64)\n\n\nDuring handling of the above exception, another exception occurred:\n\nTraceback (most recent call last):\n  File \"d:\\python36\\lib\\site-packages\\airtest\\cli\\runner.py\", line 61, in runTest\n    exec(compile(code.encode(\"utf-8\"), pyfilepath, 'exec'), self.scope)\n  File \"D:\\test\\Airproject\\invech\\web\\web_\u6e38\u5ba2\u6295\u6ce8.air\\web_\u6e38\u5ba2\u6295\u6ce8.py\", line 11, in <module>\n    web.youkelogin()\n  File \"web_common.air\\web_common.py\", line 157, in youkelogin\n    el_click(data['web']['login']['agree_contract'])\n  File \"web_common.air\\web_common.py\", line 26, in wraper\n    return func(*args,**kw).click()\n  File \"web_common.air\\web_common.py\", line 51, in el_click\n    aa = driver.find_element_by_xpath(xpath)\n  File \"d:\\python36\\lib\\site-packages\\airtest\\utils\\logwraper.py\", line 78, in wrapper\n    res = f(*args, **kwargs)\n  File \"d:\\python36\\lib\\site-packages\\airtest_selenium\\proxy.py\", line 183, in find_element_by_xpath\n    web_element = self.loop_find_element(super(WebChrome, self).find_element_by_xpath, xpath)\n  File \"d:\\python36\\lib\\site-packages\\airtest_selenium\\proxy.py\", line 60, in loop_find_element\n    'Element %s not found in screen' % text)\nselenium.common.exceptions.NoSuchElementException: Message: Element //b[text()='\u540c\u610f'] not found in screen\n\n"}}
