{"tag": "function", "depth": 1, "time": 1573868066.972386, "data": {"name": "get", "call_args": {"self": "<airtest_selenium.proxy.WebChrome (session=\"c502ceccf7d0f34ee46d6a6bede9701f\")>", "address": "https://member.163220.com/#/home"}, "start_time": 1573868039.9562995, "ret": null, "end_time": 1573868066.972386}}
{"tag": "function", "depth": 2, "time": 1573868069.7926962, "data": {"name": "_gen_screen_log", "call_args": {"self": "<airtest_selenium.proxy.WebChrome (session=\"c502ceccf7d0f34ee46d6a6bede9701f\")>", "element": {"_parent": "<airtest_selenium.proxy.WebChrome (session=\"c502ceccf7d0f34ee46d6a6bede9701f\")>", "_id": "0.6321345841856199-1", "_w3c": false, "__class__": "WebElement"}, "filename": null}, "start_time": 1573868069.1805732, "ret": {"screen": "1573868069.jpg", "pos": [[954.0, 251.0]]}, "end_time": 1573868069.7926962}}
{"tag": "function", "depth": 1, "time": 1573868069.7926962, "data": {"name": "find_element_by_xpath", "call_args": {"self": "<airtest_selenium.proxy.WebChrome (session=\"c502ceccf7d0f34ee46d6a6bede9701f\")>", "xpath": "//input[@autofocus='autofocus']"}, "start_time": 1573868069.16157, "ret": {"_parent": "<airtest_selenium.proxy.WebChrome (session=\"c502ceccf7d0f34ee46d6a6bede9701f\")>", "_id": "0.6321345841856199-1", "_w3c": false, "res_log": {"screen": "1573868069.jpg", "pos": [[954.0, 251.0]]}, "__class__": "Element"}, "end_time": 1573868069.7926962}}
{"tag": "function", "depth": 2, "time": 1573868070.8635814, "data": {"name": "_gen_screen_log", "call_args": {"self": "<airtest_selenium.proxy.WebChrome (session=\"c502ceccf7d0f34ee46d6a6bede9701f\")>", "element": {"_parent": "<airtest_selenium.proxy.WebChrome (session=\"c502ceccf7d0f34ee46d6a6bede9701f\")>", "_id": "0.6321345841856199-2", "_w3c": false, "__class__": "WebElement"}, "filename": null}, "start_time": 1573868070.4036987, "ret": {"screen": "1573868070.jpg", "pos": [[954.0, 301.0]]}, "end_time": 1573868070.8635814}}
{"tag": "function", "depth": 1, "time": 1573868070.8635814, "data": {"name": "find_element_by_xpath", "call_args": {"self": "<airtest_selenium.proxy.WebChrome (session=\"c502ceccf7d0f34ee46d6a6bede9701f\")>", "xpath": "//input[@type='password']"}, "start_time": 1573868070.3926985, "ret": {"_parent": "<airtest_selenium.proxy.WebChrome (session=\"c502ceccf7d0f34ee46d6a6bede9701f\")>", "_id": "0.6321345841856199-2", "_w3c": false, "res_log": {"screen": "1573868070.jpg", "pos": [[954.0, 301.0]]}, "__class__": "Element"}, "end_time": 1573868070.8635814}}
{"tag": "function", "depth": 2, "time": 1573868071.95562, "data": {"name": "_gen_screen_log", "call_args": {"self": "<airtest_selenium.proxy.WebChrome (session=\"c502ceccf7d0f34ee46d6a6bede9701f\")>", "element": {"_parent": "<airtest_selenium.proxy.WebChrome (session=\"c502ceccf7d0f34ee46d6a6bede9701f\")>", "_id": "0.6321345841856199-3", "_w3c": false, "__class__": "WebElement"}, "filename": null}, "start_time": 1573868071.4767034, "ret": {"screen": "1573868071.jpg", "pos": [[914.0, 351.0]]}, "end_time": 1573868071.95562}}
{"tag": "function", "depth": 1, "time": 1573868071.95562, "data": {"name": "find_element_by_xpath", "call_args": {"self": "<airtest_selenium.proxy.WebChrome (session=\"c502ceccf7d0f34ee46d6a6bede9701f\")>", "xpath": "//input[@placeholder='\u9a8c\u8bc1\u7801']"}, "start_time": 1573868071.4657955, "ret": {"_parent": "<airtest_selenium.proxy.WebChrome (session=\"c502ceccf7d0f34ee46d6a6bede9701f\")>", "_id": "0.6321345841856199-3", "_w3c": false, "res_log": {"screen": "1573868071.jpg", "pos": [[914.0, 351.0]]}, "__class__": "Element"}, "end_time": 1573868071.95562}}
{"tag": "function", "depth": 2, "time": 1573868073.0193565, "data": {"name": "_gen_screen_log", "call_args": {"self": "<airtest_selenium.proxy.WebChrome (session=\"c502ceccf7d0f34ee46d6a6bede9701f\")>", "element": {"_parent": "<airtest_selenium.proxy.WebChrome (session=\"c502ceccf7d0f34ee46d6a6bede9701f\")>", "_id": "0.6321345841856199-4", "_w3c": false, "__class__": "WebElement"}, "filename": null}, "start_time": 1573868072.5356257, "ret": {"screen": "1573868072.jpg", "pos": [[881.0, 410.0]]}, "end_time": 1573868073.0193565}}
{"tag": "function", "depth": 1, "time": 1573868073.020372, "data": {"name": "find_element_by_xpath", "call_args": {"self": "<airtest_selenium.proxy.WebChrome (session=\"c502ceccf7d0f34ee46d6a6bede9701f\")>", "xpath": "//div[@style='float: left;']"}, "start_time": 1573868072.5226598, "ret": {"_parent": "<airtest_selenium.proxy.WebChrome (session=\"c502ceccf7d0f34ee46d6a6bede9701f\")>", "_id": "0.6321345841856199-4", "_w3c": false, "res_log": {"screen": "1573868072.jpg", "pos": [[881.0, 410.0]]}, "__class__": "Element"}, "end_time": 1573868073.020372}}
{"tag": "function", "depth": 1, "time": 1573868093.6209393, "data": {"name": "find_element_by_xpath", "call_args": {"self": "<airtest_selenium.proxy.WebChrome (session=\"c502ceccf7d0f34ee46d6a6bede9701f\")>", "xpath": "//*[@id=\"app\"]/div/div/div/ul/li[2]/div/ul/li[15]/div/span/a[2]/b"}, "start_time": 1573868073.5903516, "traceback": "Traceback (most recent call last):\n  File \"d:\\python36\\lib\\site-packages\\airtest_selenium\\proxy.py\", line 53, in loop_find_element\n    element = func(text)\n  File \"d:\\python36\\lib\\site-packages\\selenium\\webdriver\\remote\\webdriver.py\", line 394, in find_element_by_xpath\n    return self.find_element(by=By.XPATH, value=xpath)\n  File \"d:\\python36\\lib\\site-packages\\selenium\\webdriver\\remote\\webdriver.py\", line 978, in find_element\n    'value': value})['value']\n  File \"d:\\python36\\lib\\site-packages\\selenium\\webdriver\\remote\\webdriver.py\", line 321, in execute\n    self.error_handler.check_response(response)\n  File \"d:\\python36\\lib\\site-packages\\selenium\\webdriver\\remote\\errorhandler.py\", line 242, in check_response\n    raise exception_class(message, screen, stacktrace)\nselenium.common.exceptions.NoSuchElementException: Message: no such element: Unable to locate element: {\"method\":\"xpath\",\"selector\":\"//*[@id=\"app\"]/div/div/div/ul/li[2]/div/ul/li[15]/div/span/a[2]/b\"}\n  (Session info: chrome=78.0.3904.97)\n  (Driver info: chromedriver=2.37.544315 (730aa6a5fdba159ac9f4c1e8cbc59bf1b5ce12b7),platform=Windows NT 10.0.18362 x86_64)\n\n\nDuring handling of the above exception, another exception occurred:\n\nTraceback (most recent call last):\n  File \"d:\\python36\\lib\\site-packages\\airtest\\utils\\logwraper.py\", line 78, in wrapper\n    res = f(*args, **kwargs)\n  File \"d:\\python36\\lib\\site-packages\\airtest_selenium\\proxy.py\", line 142, in find_element_by_xpath\n    web_element = self.loop_find_element(super(WebChrome, self).find_element_by_xpath, xpath)\n  File \"d:\\python36\\lib\\site-packages\\airtest_selenium\\proxy.py\", line 60, in loop_find_element\n    'Element %s not found in screen' % text)\nselenium.common.exceptions.NoSuchElementException: Message: Element //*[@id=\"app\"]/div/div/div/ul/li[2]/div/ul/li[15]/div/span/a[2]/b not found in screen\n\n", "end_time": 1573868093.6209393}}
{"tag": "info", "depth": 0, "time": 1573868093.7258825, "data": {"name": "Final Error", "traceback": "Traceback (most recent call last):\n  File \"d:\\python36\\lib\\site-packages\\airtest_selenium\\proxy.py\", line 53, in loop_find_element\n    element = func(text)\n  File \"d:\\python36\\lib\\site-packages\\selenium\\webdriver\\remote\\webdriver.py\", line 394, in find_element_by_xpath\n    return self.find_element(by=By.XPATH, value=xpath)\n  File \"d:\\python36\\lib\\site-packages\\selenium\\webdriver\\remote\\webdriver.py\", line 978, in find_element\n    'value': value})['value']\n  File \"d:\\python36\\lib\\site-packages\\selenium\\webdriver\\remote\\webdriver.py\", line 321, in execute\n    self.error_handler.check_response(response)\n  File \"d:\\python36\\lib\\site-packages\\selenium\\webdriver\\remote\\errorhandler.py\", line 242, in check_response\n    raise exception_class(message, screen, stacktrace)\nselenium.common.exceptions.NoSuchElementException: Message: no such element: Unable to locate element: {\"method\":\"xpath\",\"selector\":\"//*[@id=\"app\"]/div/div/div/ul/li[2]/div/ul/li[15]/div/span/a[2]/b\"}\n  (Session info: chrome=78.0.3904.97)\n  (Driver info: chromedriver=2.37.544315 (730aa6a5fdba159ac9f4c1e8cbc59bf1b5ce12b7),platform=Windows NT 10.0.18362 x86_64)\n\n\nDuring handling of the above exception, another exception occurred:\n\nTraceback (most recent call last):\n  File \"d:\\python36\\lib\\site-packages\\airtest\\cli\\runner.py\", line 61, in runTest\n    exec(compile(code.encode(\"utf-8\"), pyfilepath, 'exec'), self.scope)\n  File \"D:\\test\\Airproject\\invech\\web\\web_\u4e03\u5915\u4fee\u6539\u5bc6\u7801.air\\web_\u4e03\u5915\u4fee\u6539\u5bc6\u7801.py\", line 15, in <module>\n    web.login(account,password)\n  File \"web_common.air\\web_common.py\", line 68, in login\n    driver.find_element_by_xpath(data['web']['login']['agree_contract']).click()\n  File \"d:\\python36\\lib\\site-packages\\airtest\\utils\\logwraper.py\", line 78, in wrapper\n    res = f(*args, **kwargs)\n  File \"d:\\python36\\lib\\site-packages\\airtest_selenium\\proxy.py\", line 142, in find_element_by_xpath\n    web_element = self.loop_find_element(super(WebChrome, self).find_element_by_xpath, xpath)\n  File \"d:\\python36\\lib\\site-packages\\airtest_selenium\\proxy.py\", line 60, in loop_find_element\n    'Element %s not found in screen' % text)\nselenium.common.exceptions.NoSuchElementException: Message: Element //*[@id=\"app\"]/div/div/div/ul/li[2]/div/ul/li[15]/div/span/a[2]/b not found in screen\n\n"}}
