{"tag": "function", "depth": 1, "time": 1576655507.6156478, "data": {"name": "get", "call_args": {"self": "<airtest_selenium.proxy.WebChrome (session=\"bfaf8b7d860fffb4a1f4d39d4eb0d814\")>", "address": "https://member.163220.com/#/home"}, "start_time": 1576655497.308393, "ret": null, "end_time": 1576655507.6156478}}
{"tag": "function", "depth": 2, "time": 1576655510.4274366, "data": {"name": "_gen_screen_log", "call_args": {"self": "<airtest_selenium.proxy.WebChrome (session=\"bfaf8b7d860fffb4a1f4d39d4eb0d814\")>", "element": {"_parent": "<airtest_selenium.proxy.WebChrome (session=\"bfaf8b7d860fffb4a1f4d39d4eb0d814\")>", "_id": "0.4761365533655839-1", "_w3c": false, "__class__": "WebElement"}, "filename": null}, "start_time": 1576655509.9484243, "ret": {"screen": "1576655509.jpg", "pos": [[954.0, 251.0]]}, "end_time": 1576655510.4274366}}
{"tag": "function", "depth": 1, "time": 1576655510.4274366, "data": {"name": "find_element_by_xpath", "call_args": {"self": "<airtest_selenium.proxy.WebChrome (session=\"bfaf8b7d860fffb4a1f4d39d4eb0d814\")>", "xpath": "//input[@autofocus='autofocus']"}, "start_time": 1576655509.9374223, "ret": {"_parent": "<airtest_selenium.proxy.WebChrome (session=\"bfaf8b7d860fffb4a1f4d39d4eb0d814\")>", "_id": "0.4761365533655839-1", "_w3c": false, "res_log": {"screen": "1576655509.jpg", "pos": [[954.0, 251.0]]}, "__class__": "Element"}, "end_time": 1576655510.4274366}}
{"tag": "function", "depth": 2, "time": 1576655511.4712632, "data": {"name": "_gen_screen_log", "call_args": {"self": "<airtest_selenium.proxy.WebChrome (session=\"bfaf8b7d860fffb4a1f4d39d4eb0d814\")>", "element": {"_parent": "<airtest_selenium.proxy.WebChrome (session=\"bfaf8b7d860fffb4a1f4d39d4eb0d814\")>", "_id": "0.4761365533655839-2", "_w3c": false, "__class__": "WebElement"}, "filename": null}, "start_time": 1576655511.0060444, "ret": {"screen": "1576655511.jpg", "pos": [[954.0, 301.0]]}, "end_time": 1576655511.4712632}}
{"tag": "function", "depth": 1, "time": 1576655511.4712632, "data": {"name": "find_element_by_xpath", "call_args": {"self": "<airtest_selenium.proxy.WebChrome (session=\"bfaf8b7d860fffb4a1f4d39d4eb0d814\")>", "xpath": "//input[@type='password']"}, "start_time": 1576655510.9820213, "ret": {"_parent": "<airtest_selenium.proxy.WebChrome (session=\"bfaf8b7d860fffb4a1f4d39d4eb0d814\")>", "_id": "0.4761365533655839-2", "_w3c": false, "res_log": {"screen": "1576655511.jpg", "pos": [[954.0, 301.0]]}, "__class__": "Element"}, "end_time": 1576655511.4712632}}
{"tag": "function", "depth": 2, "time": 1576655512.5103989, "data": {"name": "_gen_screen_log", "call_args": {"self": "<airtest_selenium.proxy.WebChrome (session=\"bfaf8b7d860fffb4a1f4d39d4eb0d814\")>", "element": {"_parent": "<airtest_selenium.proxy.WebChrome (session=\"bfaf8b7d860fffb4a1f4d39d4eb0d814\")>", "_id": "0.4761365533655839-3", "_w3c": false, "__class__": "WebElement"}, "filename": null}, "start_time": 1576655512.0626466, "ret": {"screen": "1576655512.jpg", "pos": [[914.0, 351.0]]}, "end_time": 1576655512.5103989}}
{"tag": "function", "depth": 1, "time": 1576655512.5103989, "data": {"name": "find_element_by_xpath", "call_args": {"self": "<airtest_selenium.proxy.WebChrome (session=\"bfaf8b7d860fffb4a1f4d39d4eb0d814\")>", "xpath": "//input[@placeholder='\u9a8c\u8bc1\u7801']"}, "start_time": 1576655512.0453117, "ret": {"_parent": "<airtest_selenium.proxy.WebChrome (session=\"bfaf8b7d860fffb4a1f4d39d4eb0d814\")>", "_id": "0.4761365533655839-3", "_w3c": false, "res_log": {"screen": "1576655512.jpg", "pos": [[914.0, 351.0]]}, "__class__": "Element"}, "end_time": 1576655512.5103989}}
{"tag": "function", "depth": 2, "time": 1576655513.5583904, "data": {"name": "_gen_screen_log", "call_args": {"self": "<airtest_selenium.proxy.WebChrome (session=\"bfaf8b7d860fffb4a1f4d39d4eb0d814\")>", "element": {"_parent": "<airtest_selenium.proxy.WebChrome (session=\"bfaf8b7d860fffb4a1f4d39d4eb0d814\")>", "_id": "0.4761365533655839-4", "_w3c": false, "__class__": "WebElement"}, "filename": null}, "start_time": 1576655513.077239, "ret": {"screen": "1576655513.jpg", "pos": [[881.0, 410.0]]}, "end_time": 1576655513.5583904}}
{"tag": "function", "depth": 1, "time": 1576655513.5583904, "data": {"name": "find_element_by_xpath", "call_args": {"self": "<airtest_selenium.proxy.WebChrome (session=\"bfaf8b7d860fffb4a1f4d39d4eb0d814\")>", "xpath": "//div[@style='float: left;']"}, "start_time": 1576655513.0622232, "ret": {"_parent": "<airtest_selenium.proxy.WebChrome (session=\"bfaf8b7d860fffb4a1f4d39d4eb0d814\")>", "_id": "0.4761365533655839-4", "_w3c": false, "res_log": {"screen": "1576655513.jpg", "pos": [[881.0, 410.0]]}, "__class__": "Element"}, "end_time": 1576655513.5583904}}
{"tag": "function", "depth": 1, "time": 1576655522.157127, "data": {"name": "appearence_xpath", "call_args": {"self": "<airtest_selenium.proxy.WebChrome (session=\"bfaf8b7d860fffb4a1f4d39d4eb0d814\")>", "xpath": "//i[contains(@class,'el-icon-warning')]"}, "start_time": 1576655514.1137161, "ret": 0, "end_time": 1576655522.157127}}
{"tag": "function", "depth": 2, "time": 1576655522.5435383, "data": {"name": "_gen_screen_log", "call_args": {"self": "<airtest_selenium.proxy.WebChrome (session=\"bfaf8b7d860fffb4a1f4d39d4eb0d814\")>", "element": {"_parent": "<airtest_selenium.proxy.WebChrome (session=\"bfaf8b7d860fffb4a1f4d39d4eb0d814\")>", "_id": "0.4761365533655839-5", "_w3c": false, "__class__": "WebElement"}, "filename": null}, "start_time": 1576655522.1661224, "ret": {"screen": "1576655522.jpg", "pos": [[713.0, 635.5]]}, "end_time": 1576655522.5435383}}
{"tag": "function", "depth": 1, "time": 1576655522.5435383, "data": {"name": "find_element_by_xpath", "call_args": {"self": "<airtest_selenium.proxy.WebChrome (session=\"bfaf8b7d860fffb4a1f4d39d4eb0d814\")>", "xpath": "//b[text()='\u540c\u610f']"}, "start_time": 1576655522.157127, "ret": {"_parent": "<airtest_selenium.proxy.WebChrome (session=\"bfaf8b7d860fffb4a1f4d39d4eb0d814\")>", "_id": "0.4761365533655839-5", "_w3c": false, "res_log": {"screen": "1576655522.jpg", "pos": [[713.0, 635.5]]}, "__class__": "Element"}, "end_time": 1576655522.5435383}}
{"tag": "function", "depth": 3, "time": 1576655524.1082442, "data": {"name": "_cv_match", "call_args": {"self": {"filename": "tpl1573023048248.png", "_filepath": "web_\u62a5\u8868\u67e5\u8be2.air\\tpl1573023048248.png", "threshold": 0.7, "target_pos": 5, "record_pos": [12.01, 2.64], "resolution": [1366, 614], "rgb": false, "__class__": "Template"}, "screen": "array([[[128, 128, 128, 255],\n        [128, 128, 128, 255],\n        [128, 128, 128, 255],\n        ...,\n        [128, 128, 128, 255],\n        [128, 128, 128, 255],\n        [128, 128, 128, 255]],\n\n       [[128, 128, 128, 255],\n        [128, 128, 128, 255],\n        [128, 128, 128, 255],\n        ...,\n        [128, 128, 128, 255],\n        [128, 128, 128, 255],\n        [128, 128, 128, 255]],\n\n       [[128, 128, 128, 255],\n        [128, 128, 128, 255],\n        [128, 128, 128, 255],\n        ...,\n        [128, 128, 128, 255],\n        [128, 128, 128, 255],\n        [128, 128, 128, 255]],\n\n       ...,\n\n       [[128, 128, 128, 255],\n        [128, 128, 128, 255],\n        [128, 128, 128, 255],\n        ...,\n        [128, 128, 128, 255],\n        [128, 128, 128, 255],\n        [128, 128, 128, 255]],\n\n       [[128, 128, 128, 255],\n        [128, 128, 128, 255],\n        [128, 128, 128, 255],\n        ...,\n        [128, 128, 128, 255],\n        [128, 128, 128, 255],\n        [128, 128, 128, 255]],\n\n       [[128, 128, 128, 255],\n        [128, 128, 128, 255],\n        [128, 128, 128, 255],\n        ...,\n        [128, 128, 128, 255],\n        [128, 128, 128, 255],\n        [128, 128, 128, 255]]], dtype=uint8)"}, "start_time": 1576655523.51831, "ret": {"result": [870, 267], "rectangle": [[852, 249], [852, 285], [888, 285], [888, 249]], "confidence": 0.7815808653831482}, "end_time": 1576655524.1082442}}
{"tag": "function", "depth": 3, "time": 1576655524.1432445, "data": {"name": "try_log_screen", "call_args": {"screen": "array([[[128, 128, 128, 255],\n        [128, 128, 128, 255],\n        [128, 128, 128, 255],\n        ...,\n        [128, 128, 128, 255],\n        [128, 128, 128, 255],\n        [128, 128, 128, 255]],\n\n       [[128, 128, 128, 255],\n        [128, 128, 128, 255],\n        [128, 128, 128, 255],\n        ...,\n        [128, 128, 128, 255],\n        [128, 128, 128, 255],\n        [128, 128, 128, 255]],\n\n       [[128, 128, 128, 255],\n        [128, 128, 128, 255],\n        [128, 128, 128, 255],\n        ...,\n        [128, 128, 128, 255],\n        [128, 128, 128, 255],\n        [128, 128, 128, 255]],\n\n       ...,\n\n       [[128, 128, 128, 255],\n        [128, 128, 128, 255],\n        [128, 128, 128, 255],\n        ...,\n        [128, 128, 128, 255],\n        [128, 128, 128, 255],\n        [128, 128, 128, 255]],\n\n       [[128, 128, 128, 255],\n        [128, 128, 128, 255],\n        [128, 128, 128, 255],\n        ...,\n        [128, 128, 128, 255],\n        [128, 128, 128, 255],\n        [128, 128, 128, 255]],\n\n       [[128, 128, 128, 255],\n        [128, 128, 128, 255],\n        [128, 128, 128, 255],\n        ...,\n        [128, 128, 128, 255],\n        [128, 128, 128, 255],\n        [128, 128, 128, 255]]], dtype=uint8)"}, "start_time": 1576655524.1102464, "ret": "1576655524110.jpg", "end_time": 1576655524.1432445}}
{"tag": "function", "depth": 2, "time": 1576655524.144244, "data": {"name": "loop_find", "call_args": {"query": {"filename": "tpl1573023048248.png", "_filepath": "web_\u62a5\u8868\u67e5\u8be2.air\\tpl1573023048248.png", "threshold": 0.7, "target_pos": 5, "record_pos": [12.01, 2.64], "resolution": [1366, 614], "rgb": false, "__class__": "Template"}, "timeout": 6, "driver": "<airtest_selenium.proxy.WebChrome (session=\"bfaf8b7d860fffb4a1f4d39d4eb0d814\")>", "threshold": null, "interval": 0.5, "intervalfunc": null}, "start_time": 1576655523.0828724, "ret": [870, 267], "end_time": 1576655524.144244}}
{"tag": "function", "depth": 1, "time": 1576655524.5334384, "data": {"name": "zuobiao", "call_args": {"self": "<airtest_selenium.proxy.WebChrome (session=\"bfaf8b7d860fffb4a1f4d39d4eb0d814\")>", "v": {"filename": "tpl1573023048248.png", "_filepath": "web_\u62a5\u8868\u67e5\u8be2.air\\tpl1573023048248.png", "threshold": 0.7, "target_pos": 5, "record_pos": [12.01, 2.64], "resolution": [1366, 614], "rgb": false, "__class__": "Template"}}, "start_time": 1576655523.0828724, "ret": [870, 381], "end_time": 1576655524.5334384}}
{"tag": "function", "depth": 1, "time": 1576655541.237204, "data": {"name": "find_element_by_xpath", "call_args": {"self": "<airtest_selenium.proxy.WebChrome (session=\"bfaf8b7d860fffb4a1f4d39d4eb0d814\")>", "xpath": "//span[text()='\u62a5\u8868\u67e5\u8be2']"}, "start_time": 1576655524.584497, "traceback": "Traceback (most recent call last):\n  File \"d:\\python36\\lib\\site-packages\\airtest_selenium\\proxy.py\", line 53, in loop_find_element\n    element = func(text)\n  File \"d:\\python36\\lib\\site-packages\\selenium\\webdriver\\remote\\webdriver.py\", line 394, in find_element_by_xpath\n    return self.find_element(by=By.XPATH, value=xpath)\n  File \"d:\\python36\\lib\\site-packages\\selenium\\webdriver\\remote\\webdriver.py\", line 978, in find_element\n    'value': value})['value']\n  File \"d:\\python36\\lib\\site-packages\\selenium\\webdriver\\remote\\webdriver.py\", line 321, in execute\n    self.error_handler.check_response(response)\n  File \"d:\\python36\\lib\\site-packages\\selenium\\webdriver\\remote\\errorhandler.py\", line 242, in check_response\n    raise exception_class(message, screen, stacktrace)\nselenium.common.exceptions.NoSuchElementException: Message: no such element: Unable to locate element: {\"method\":\"xpath\",\"selector\":\"//span[text()='\u62a5\u8868\u67e5\u8be2']\"}\n  (Session info: chrome=78.0.3904.108)\n  (Driver info: chromedriver=2.37.544315 (730aa6a5fdba159ac9f4c1e8cbc59bf1b5ce12b7),platform=Windows NT 10.0.18362 x86_64)\n\n\nDuring handling of the above exception, another exception occurred:\n\nTraceback (most recent call last):\n  File \"d:\\python36\\lib\\site-packages\\airtest\\utils\\logwraper.py\", line 78, in wrapper\n    res = f(*args, **kwargs)\n  File \"d:\\python36\\lib\\site-packages\\airtest_selenium\\proxy.py\", line 183, in find_element_by_xpath\n    web_element = self.loop_find_element(super(WebChrome, self).find_element_by_xpath, xpath)\n  File \"d:\\python36\\lib\\site-packages\\airtest_selenium\\proxy.py\", line 60, in loop_find_element\n    'Element %s not found in screen' % text)\nselenium.common.exceptions.NoSuchElementException: Message: Element //span[text()='\u62a5\u8868\u67e5\u8be2'] not found in screen\n\n", "end_time": 1576655541.237204}}
{"tag": "info", "depth": 0, "time": 1576655541.3118715, "data": {"name": "Final Error", "traceback": "Traceback (most recent call last):\n  File \"d:\\python36\\lib\\site-packages\\airtest_selenium\\proxy.py\", line 53, in loop_find_element\n    element = func(text)\n  File \"d:\\python36\\lib\\site-packages\\selenium\\webdriver\\remote\\webdriver.py\", line 394, in find_element_by_xpath\n    return self.find_element(by=By.XPATH, value=xpath)\n  File \"d:\\python36\\lib\\site-packages\\selenium\\webdriver\\remote\\webdriver.py\", line 978, in find_element\n    'value': value})['value']\n  File \"d:\\python36\\lib\\site-packages\\selenium\\webdriver\\remote\\webdriver.py\", line 321, in execute\n    self.error_handler.check_response(response)\n  File \"d:\\python36\\lib\\site-packages\\selenium\\webdriver\\remote\\errorhandler.py\", line 242, in check_response\n    raise exception_class(message, screen, stacktrace)\nselenium.common.exceptions.NoSuchElementException: Message: no such element: Unable to locate element: {\"method\":\"xpath\",\"selector\":\"//span[text()='\u62a5\u8868\u67e5\u8be2']\"}\n  (Session info: chrome=78.0.3904.108)\n  (Driver info: chromedriver=2.37.544315 (730aa6a5fdba159ac9f4c1e8cbc59bf1b5ce12b7),platform=Windows NT 10.0.18362 x86_64)\n\n\nDuring handling of the above exception, another exception occurred:\n\nTraceback (most recent call last):\n  File \"d:\\python36\\lib\\site-packages\\airtest\\cli\\runner.py\", line 61, in runTest\n    exec(compile(code.encode(\"utf-8\"), pyfilepath, 'exec'), self.scope)\n  File \"D:\\test\\Airproject\\invech\\web\\web_\u62a5\u8868\u67e5\u8be2.air\\web_\u62a5\u8868\u67e5\u8be2.py\", line 16, in <module>\n    web.gettext(data['web']['page_top']['reports']['button'])\n  File \"web_common.air\\web_common.py\", line 161, in gettext\n    el_click(xpath)\n  File \"web_common.air\\web_common.py\", line 26, in wraper\n    return func(*args,**kw).click()\n  File \"web_common.air\\web_common.py\", line 51, in el_click\n    aa = driver.find_element_by_xpath(xpath)\n  File \"d:\\python36\\lib\\site-packages\\airtest\\utils\\logwraper.py\", line 78, in wrapper\n    res = f(*args, **kwargs)\n  File \"d:\\python36\\lib\\site-packages\\airtest_selenium\\proxy.py\", line 183, in find_element_by_xpath\n    web_element = self.loop_find_element(super(WebChrome, self).find_element_by_xpath, xpath)\n  File \"d:\\python36\\lib\\site-packages\\airtest_selenium\\proxy.py\", line 60, in loop_find_element\n    'Element %s not found in screen' % text)\nselenium.common.exceptions.NoSuchElementException: Message: Element //span[text()='\u62a5\u8868\u67e5\u8be2'] not found in screen\n\n"}}
